128 0 0.990476 132 104
128 1 0.97619 131 41
128 2 0.988095 131 83
128 3 0.977778 132 44
128 4 0.923077 129 12
128 5 0.992857 131 139
128 6 0.988764 131 88
128 7 0.941176 129 16
128 8 0.994737 132 189
128 9 0.969697 131 32
256 0 0.995633 259 228
256 1 0.995327 260 213
256 2 0.982143 260 55
256 3 0.994083 260 168
256 4 0.996016 259 250
256 5 0.995455 260 219
256 6 0.991525 260 117
256 7 0.923077 258 12
256 8 0.996825 260 314
256 9 0.998956 260 957
512 0 0.998457 516 647
512 1 0.997462 516 393
512 2 1 516 1001
512 3 0.998891 516 901
512 4 0.997642 516 423
512 5 1 516 1001
512 6 1 516 1001
512 7 1 516 1001
512 8 1 516 1001
512 9 0.998578 516 702
1024 0 1 1028 1001
1024 1 0.990385 1028 103
1024 2 1 1028 1001
1024 3 1 1028 1001
1024 4 1 1029 1001
1024 5 0.997831 1028 460
1024 6 1 1028 1001
1024 7 1 1028 1001
1024 8 1 1028 1001
1024 9 1 1028 1001
2048 0 1 2053 1001
2048 1 1 2053 1001
2048 2 1 2053 1001
2048 3 1 2053 1001
2048 4 1 2053 1001
2048 5 1 2053 1001
2048 6 1 2053 1001
2048 7 1 2053 1001
2048 8 1 2053 1001
2048 9 1 2053 1001
4096 0 1 4102 1001
4096 1 0.998496 4102 664
4096 2 1 4102 1001
4096 3 1 4102 1001
4096 4 1 4102 1001
4096 5 1 4102 1001
4096 6 0.998603 4102 715
4096 7 1 4102 1001
4096 8 1 4102 1001
4096 9 1 4102 1001
