128 0 0.875 129 7
128 1 0.909091 129 10
128 2 0.888889 128 8
128 3 0.941176 130 16
128 4 0.95 130 19
128 5 0.916667 130 11
128 6 0.941176 130 16
128 7 0.909091 130 10
128 8 0.944444 130 17
128 9 0.9 130 9
256 0 0.990385 260 103
256 1 0.933333 259 14
256 2 0.986667 260 74
256 3 0.988636 259 87
256 4 0.982456 259 56
256 5 0.985075 259 66
256 6 0.985294 260 67
256 7 0.990196 259 101
256 8 0.977273 259 43
256 9 0.99115 260 112
512 0 0.996711 516 303
512 1 0.994012 516 166
512 2 0.997701 516 434
512 3 0.998273 516 578
512 4 0.954545 514 21
512 5 1 516 1001
512 6 0.997207 516 357
512 7 0.99631 516 270
512 8 0.998681 516 757
512 9 0.995671 516 230
1024 0 0.997706 1028 435
1024 1 0.998832 1028 855
1024 2 1 1028 1001
1024 3 0.997625 1028 420
1024 4 0.983607 1028 60
1024 5 0.982456 1028 56
1024 6 1 1028 1001
1024 7 1 1028 1001
1024 8 1 1028 1001
1024 9 1 1028 1001
2048 0 1 2052 1001
2048 1 1 2052 1001
2048 2 0.99848 2052 657
2048 3 1 2052 1001
2048 4 1 2052 1001
2048 5 1 2052 1001
2048 6 1 2052 1001
2048 7 1 2052 1001
2048 8 1 2053 1001
2048 9 1 2052 1001
4096 0 1 4101 1001
4096 1 1 4101 1001
4096 2 1 4101 1001
4096 3 1 4101 1001
4096 4 1 4101 1001
4096 5 1 4101 1001
4096 6 1 4101 1001
4096 7 1 4101 1001
4096 8 0.998864 4101 879
4096 9 1 4101 1001
