128 0 0.996951 132 327
128 1 0.979592 131 48
128 2 0.992958 132 141
128 3 0.980769 131 51
128 4 0.981481 131 53
128 5 0.9375 130 15
128 6 0.994652 131 186
128 7 0.998469 132 652
128 8 0.933333 130 14
128 9 0.95 130 19
256 0 0.998951 260 952
256 1 0.997326 260 373
256 2 1 260 1001
256 3 0.998095 260 524
256 4 0.998744 260 795
256 5 0.964286 259 27
256 6 0.996016 260 250
256 7 0.983333 259 59
256 8 0.993827 260 161
256 9 0.996324 259 271
512 0 0.9967 516 302
512 1 1 516 1001
512 2 0.998095 516 524
512 3 1 516 1001
512 4 0.995495 516 221
512 5 1 516 1001
512 6 1 516 1001
512 7 1 516 1001
512 8 0.998569 516 698
512 9 1 516 1001
1024 0 0.996711 1029 303
1024 1 1 1029 1001
1024 2 0.99877 1029 812
1024 3 1 1029 1001
1024 4 1 1029 1001
1024 5 1 1029 1001
1024 6 0.998563 1029 695
1024 7 0.978723 1028 46
1024 8 1 1029 1001
1024 9 1 1029 1001
2048 0 1 2054 1001
2048 1 1 2054 1001
2048 2 1 2054 1001
2048 3 1 2054 1001
2048 4 0.998039 2054 509
2048 5 1 2054 1001
2048 6 1 2054 1001
2048 7 0.995614 2054 227
2048 8 0.998996 2054 995
2048 9 1 2054 1001
4096 0 1 4104 1001
4096 1 1 4103 1001
4096 2 1 4103 1001
4096 3 1 4103 1001
4096 4 1 4103 1001
4096 5 1 4103 1001
4096 6 1 4103 1001
4096 7 1 4103 1001
4096 8 1 4103 1001
4096 9 0.998302 4103 588
