128 0 0.916667 131 11
128 1 0.923077 130 12
128 2 0.933333 130 14
128 3 0.981132 131 52
128 4 0.969697 132 32
128 5 0.888889 130 8
128 6 0.966667 131 29
128 7 0.916667 129 11
128 8 0.9375 132 15
128 9 0.977778 131 44
256 0 0.992806 260 138
256 1 0.96875 260 31
256 2 0.977778 261 44
256 3 0.987013 261 76
256 4 0.978261 260 45
256 5 0.992481 260 132
256 6 0.952381 259 20
256 7 0.990476 260 104
256 8 0.9375 259 15
256 9 0.972222 261 35
512 0 0.972973 517 36
512 1 0.933333 515 14
512 2 0.988372 517 85
512 3 0.990566 517 105
512 4 0.941176 515 16
512 5 0.997904 517 476
512 6 0.978261 517 45
512 7 0.98913 517 91
512 8 0.989899 517 98
512 9 0.989011 517 90
1024 0 0.958333 1028 23
1024 1 0.995 1030 199
1024 2 0.941176 1028 16
1024 3 0.996241 1030 265
1024 4 0.9975 1030 399
1024 5 0.988636 1031 87
1024 6 0.996491 1031 284
1024 7 0.972973 1029 36
1024 8 0.99802 1030 504
1024 9 0.996154 1030 259
2048 0 0.998051 2056 512
2048 1 0.997691 2055 432
2048 2 0.998299 2055 587
2048 3 0.995614 2055 227
2048 4 0.993243 2056 147
2048 5 0.99705 2056 338
2048 6 0.997449 2055 391
2048 7 0.998665 2056 748
2048 8 0.996283 2055 268
2048 9 0.998328 2055 597
4096 0 0.996599 4105 293
4096 1 0.944444 4103 17
4096 2 0.972973 4102 36
4096 3 0.996503 4105 285
4096 4 0.991453 4104 116
4096 5 0.933333 4100 14
4096 6 0.985294 4104 67
4096 7 0.993103 4105 144
4096 8 0.993506 4104 153
4096 9 0.990826 4105 108
