128 0 0.988764 131 88
128 1 0.966667 131 29
128 2 0.981132 132 52
128 3 0.986111 132 71
128 4 0.875 130 7
128 5 0.991228 132 113
128 6 0.975 131 39
128 7 0.992593 132 134
128 8 0.988889 131 89
128 9 0.9 129 9
256 0 0.988889 260 89
256 1 0.996479 261 283
256 2 0.96875 259 31
256 3 0.994924 260 196
256 4 0.9875 260 79
256 5 0.996904 261 322
256 6 0.995455 260 219
256 7 0.991071 261 111
256 8 0.9987 260 768
256 9 1 261 1001
512 0 0.995745 517 234
512 1 0.991803 517 121
512 2 0.974359 516 38
512 3 0.997613 518 418
512 4 0.990991 517 110
512 5 0.96 516 24
512 6 0.994709 517 188
512 7 0.992126 517 126
512 8 0.971429 516 34
512 9 0.998783 517 821
1024 0 0.998776 1031 816
1024 1 0.985714 1030 69
1024 2 0.998172 1030 546
1024 3 0.987179 1030 77
1024 4 1 1030 1001
1024 5 0.997537 1031 405
1024 6 0.997449 1031 391
1024 7 0.99865 1030 740
1024 8 0.994444 1030 179
1024 9 1 1031 1001
2048 0 0.991667 2056 119
2048 1 0.981481 2056 53
2048 2 0.998028 2056 506
2048 3 0.989474 2056 94
2048 4 0.993789 2055 160
2048 5 0.997015 2056 334
2048 6 0.9875 2056 79
2048 7 0.997845 2056 463
2048 8 1 2056 1001
2048 9 0.987013 2056 76
4096 0 0.99763 4106 421
4096 1 0.982759 4105 57
4096 2 0.997783 4106 450
4096 3 0.989583 4106 95
4096 4 0.997797 4105 453
4096 5 0.998753 4106 801
4096 6 0.997159 4106 351
4096 7 1 4106 1001
4096 8 0.958333 4105 23
4096 9 0.994536 4105 182
