128 0 0.944444 130 17
128 1 0.888889 130 8
128 2 0.933333 130 14
128 3 0.923077 130 12
128 4 0.954545 129 21
128 5 0.875 129 7
128 6 0.916667 129 11
128 7 0.941176 131 16
128 8 0.875 130 7
128 9 0.923077 130 12
256 0 0.966667 258 29
256 1 0.97619 259 41
256 2 0.995215 260 208
256 3 0.978261 259 45
256 4 0.982456 259 56
256 5 0.995652 260 229
256 6 0.978723 259 46
256 7 0.99 260 99
256 8 0.993007 259 142
256 9 0.975 260 39
512 0 0.99763 516 421
512 1 0.998459 516 648
512 2 0.995495 516 221
512 3 0.956522 515 22
512 4 0.994012 516 166
512 5 0.990476 516 104
512 6 0.990826 515 108
512 7 1 516 1001
512 8 0.928571 515 13
512 9 0.994012 516 166
1024 0 0.997519 1029 402
1024 1 0.998834 1029 857
1024 2 0.995868 1029 241
1024 3 0.983871 1028 61
1024 4 0.986842 1028 75
1024 5 0.997925 1029 481
1024 6 0.998632 1028 730
1024 7 0.998433 1028 637
1024 8 0.996711 1029 303
1024 9 0.998514 1029 672
2048 0 0.99841 2053 628
2048 1 0.998724 2054 783
2048 2 1 2054 1001
2048 3 1 2054 1001
2048 4 1 2053 1001
2048 5 0.967742 2052 30
2048 6 0.992481 2054 132
2048 7 0.997868 2054 468
2048 8 0.998902 2053 910
2048 9 0.992366 2053 130
4096 0 0.992188 4102 127
4096 1 0.990826 4102 108
4096 2 0.996283 4103 268
4096 3 0.995763 4103 235
4096 4 0.998084 4103 521
4096 5 1 4103 1001
4096 6 0.992248 4103 128
4096 7 1 4103 1001
4096 8 0.992481 4102 132
4096 9 0.99784 4103 462
